-------------------------------------------------------------------------------
Test set: com.example.springapp.SpringappApplicationTests
-------------------------------------------------------------------------------
Tests run: 9, Failures: 9, Errors: 0, Skipped: 0, Time elapsed: 4.312 s <<< FAILURE! - in com.example.springapp.SpringappApplicationTests
testgetByID  Time elapsed: 0.357 s  <<< FAILURE!
java.lang.AssertionError: Status expected:<200> but was:<404>
	at com.example.springapp.SpringappApplicationTests.testgetByID(SpringappApplicationTests.java:40)

testrepositoryfolder  Time elapsed: 0.007 s  <<< FAILURE!
org.opentest4j.AssertionFailedError: expected: <true> but was: <false>
	at com.example.springapp.SpringappApplicationTests.testrepositoryfolder(SpringappApplicationTests.java:80)

testModelFile  Time elapsed: 0.003 s  <<< FAILURE!
org.opentest4j.AssertionFailedError: expected: <true> but was: <false>
	at com.example.springapp.SpringappApplicationTests.testModelFile(SpringappApplicationTests.java:73)

testModelFolder  Time elapsed: 0.002 s  <<< FAILURE!
org.opentest4j.AssertionFailedError: expected: <true> but was: <false>
	at com.example.springapp.SpringappApplicationTests.testModelFolder(SpringappApplicationTests.java:65)

testServiceFolder  Time elapsed: 0.002 s  <<< FAILURE!
org.opentest4j.AssertionFailedError: expected: <true> but was: <false>
	at com.example.springapp.SpringappApplicationTests.testServiceFolder(SpringappApplicationTests.java:95)

testrepositoryFile  Time elapsed: 0.002 s  <<< FAILURE!
org.opentest4j.AssertionFailedError: expected: <true> but was: <false>
	at com.example.springapp.SpringappApplicationTests.testrepositoryFile(SpringappApplicationTests.java:88)

testcontrollerfolder  Time elapsed: 0.002 s  <<< FAILURE!
org.opentest4j.AssertionFailedError: expected: <true> but was: <false>
	at com.example.springapp.SpringappApplicationTests.testcontrollerfolder(SpringappApplicationTests.java:50)

testcontrollerfile  Time elapsed: 0.002 s  <<< FAILURE!
org.opentest4j.AssertionFailedError: expected: <true> but was: <false>
	at com.example.springapp.SpringappApplicationTests.testcontrollerfile(SpringappApplicationTests.java:58)

testServieFile  Time elapsed: 0.003 s  <<< FAILURE!
org.opentest4j.AssertionFailedError: expected: <true> but was: <false>
	at com.example.springapp.SpringappApplicationTests.testServieFile(SpringappApplicationTests.java:103)

